[0m2021.04.21 23:35:20 INFO  Started: Metals version 0.10.1 in workspace '/Users/nsadeh/Desktop/factor-miner' for client vscode 1.55.2.[0m
[0m2021.04.21 23:35:24 INFO  time: initialize in 4.71s[0m
[0m2021.04.21 23:35:24 WARN  Build server is not auto-connectable.[0m
[0m2021.04.21 23:35:26 WARN  no build target for: /Users/nsadeh/Desktop/factor-miner/build.sbt[0m
[0m2021.04.21 23:35:32 INFO  no build target: using presentation compiler with only scala-library: 2.12.13[0m
[0m2021.04.21 23:35:34 INFO  time: code lens generation in 1.26s[0m
[0m2021.04.21 23:35:35 INFO  time: code lens generation in 2.58s[0m
[0m2021.04.21 23:35:35 INFO  time: code lens generation in 2.68s[0m
[0m2021.04.21 23:35:35 INFO  time: code lens generation in 2.92s[0m
[0m2021.04.21 23:35:35 INFO  time: code lens generation in 2.95s[0m
[0m2021.04.21 23:35:35 INFO  time: code lens generation in 3s[0m
[0m2021.04.21 23:35:35 INFO  time: code lens generation in 9.25s[0m
[0m2021.04.21 23:36:00 INFO  running '/Library/Java/JavaVirtualMachines/zulu-11.jdk/Contents/Home/bin/java -Djline.terminal=jline.UnsupportedTerminal -Dsbt.log.noformat=true -Dfile.encoding=UTF-8 -Dsbt.version=1.4.9 -jar /var/folders/cz/bh5dm65s0_lf7_0pb1v27v200000gn/T/metals15210808151561284161/sbt-launch.jar -Dbloop.export-jar-classifiers=sources bloopInstall'[0m
[0m2021.04.21 23:36:01 WARN  no build target for: /Users/nsadeh/Desktop/factor-miner/project/metals.sbt[0m
[0m2021.04.21 23:36:01 WARN  no build target for: /Users/nsadeh/Desktop/factor-miner/project/project/metals.sbt[0m
[0m2021.04.21 23:36:01 INFO  skipping build import with status 'Started'[0m
[0m2021.04.21 23:36:01 ERROR [info] [launcher] getting org.scala-sbt sbt 1.4.9  (this may take some time)...[0m
[0m2021.04.21 23:36:24 WARN  no build target for: /Users/nsadeh/Desktop/factor-miner/project/Settings.scala[0m
[0m2021.04.21 23:36:24 WARN  no build target for: /Users/nsadeh/Desktop/factor-miner/project/Settings.scala[0m
[0m2021.04.21 23:36:25 INFO  skipping build import with status 'Started'[0m
[0m2021.04.21 23:36:28 ERROR downloading https://repo1.maven.org/maven2/org/scala-lang/scala-library/2.12.12/scala-library-2.12.12.jar ...[0m
[0m2021.04.21 23:36:28 ERROR downloading https://repo1.maven.org/maven2/org/scala-sbt/main-settings_2.12/1.4.9/main-settings_2.12-1.4.9.jar ...[0m
[0m2021.04.21 23:36:28 ERROR downloading https://repo1.maven.org/maven2/org/scala-sbt/logic_2.12/1.4.9/logic_2.12-1.4.9.jar ...[0m
[0m2021.04.21 23:36:28 ERROR downloading https://repo1.maven.org/maven2/org/scala-sbt/main_2.12/1.4.9/main_2.12-1.4.9.jar ...[0m
[0m2021.04.21 23:36:28 ERROR downloading https://repo1.maven.org/maven2/org/scala-sbt/run_2.12/1.4.9/run_2.12-1.4.9.jar ...[0m
[0m2021.04.21 23:36:28 ERROR downloading https://repo1.maven.org/maven2/org/scala-sbt/io_2.12/1.4.0/io_2.12-1.4.0.jar ...[0m
[0m2021.04.21 23:36:28 ERROR downloading https://repo1.maven.org/maven2/org/scala-sbt/actions_2.12/1.4.9/actions_2.12-1.4.9.jar ...[0m
[0m2021.04.21 23:36:28 ERROR downloading https://repo1.maven.org/maven2/org/scala-sbt/sbt/1.4.9/sbt-1.4.9.jar ...[0m
[0m2021.04.21 23:36:28 ERROR :: loading settings :: url = jar:file:/private/var/folders/cz/bh5dm65s0_lf7_0pb1v27v200000gn/T/metals15210808151561284161/sbt-launch.jar!/org/apache/ivy/core/settings/ivysettings.xml[0m
[0m2021.04.21 23:36:28 ERROR :: loading settings :: url = jar:file:/private/var/folders/cz/bh5dm65s0_lf7_0pb1v27v200000gn/T/metals15210808151561284161/sbt-launch.jar!/org/apache/ivy/core/settings/ivysettings.xml[0m
[0m2021.04.21 23:36:28 ERROR :: loading settings :: url = jar:file:/private/var/folders/cz/bh5dm65s0_lf7_0pb1v27v200000gn/T/metals15210808151561284161/sbt-launch.jar!/org/apache/ivy/core/settings/ivysettings.xml[0m
[0m2021.04.21 23:36:28 ERROR :: loading settings :: url = jar:file:/private/var/folders/cz/bh5dm65s0_lf7_0pb1v27v200000gn/T/metals15210808151561284161/sbt-launch.jar!/org/apache/ivy/core/settings/ivysettings.xml[0m
[0m2021.04.21 23:36:28 ERROR :: loading settings :: url = jar:file:/private/var/folders/cz/bh5dm65s0_lf7_0pb1v27v200000gn/T/metals15210808151561284161/sbt-launch.jar!/org/apache/ivy/core/settings/ivysettings.xml[0m
[0m2021.04.21 23:36:28 ERROR :: loading settings :: url = jar:file:/private/var/folders/cz/bh5dm65s0_lf7_0pb1v27v200000gn/T/metals15210808151561284161/sbt-launch.jar!/org/apache/ivy/core/settings/ivysettings.xml[0m
[0m2021.04.21 23:36:28 ERROR :: loading settings :: url = jar:file:/private/var/folders/cz/bh5dm65s0_lf7_0pb1v27v200000gn/T/metals15210808151561284161/sbt-launch.jar!/org/apache/ivy/core/settings/ivysettings.xml[0m
[0m2021.04.21 23:36:28 ERROR :: loading settings :: url = jar:file:/private/var/folders/cz/bh5dm65s0_lf7_0pb1v27v200000gn/T/metals15210808151561284161/sbt-launch.jar!/org/apache/ivy/core/settings/ivysettings.xml[0m
[0m2021.04.21 23:36:28 ERROR 	[SUCCESSFUL ] org.scala-sbt#run_2.12;1.4.9!run_2.12.jar (402ms)[0m
[0m2021.04.21 23:36:28 ERROR downloading https://repo1.maven.org/maven2/org/scala-sbt/command_2.12/1.4.9/command_2.12-1.4.9.jar ...[0m
[0m2021.04.21 23:36:28 ERROR 	[SUCCESSFUL ] org.scala-sbt#logic_2.12;1.4.9!logic_2.12.jar (721ms)[0m
[0m2021.04.21 23:36:28 ERROR 	[SUCCESSFUL ] org.scala-sbt#sbt;1.4.9!sbt.jar (700ms)[0m
[0m2021.04.21 23:36:28 ERROR downloading https://repo1.maven.org/maven2/org/scala-sbt/collections_2.12/1.4.9/collections_2.12-1.4.9.jar ...[0m
[0m2021.04.21 23:36:28 ERROR downloading https://repo1.maven.org/maven2/org/scala-sbt/scripted-plugin_2.12/1.4.9/scripted-plugin_2.12-1.4.9.jar ...[0m
[0m2021.04.21 23:36:28 ERROR 	[SUCCESSFUL ] org.scala-sbt#actions_2.12;1.4.9!actions_2.12.jar (949ms)[0m
[0m2021.04.21 23:36:28 ERROR downloading https://repo1.maven.org/maven2/org/scala-sbt/zinc-lm-integration_2.12/1.4.9/zinc-lm-integration_2.12-1.4.9.jar ...[0m
[0m2021.04.21 23:36:30 ERROR 	[SUCCESSFUL ] org.scala-sbt#scripted-plugin_2.12;1.4.9!scripted-plugin_2.12.jar (1025ms)[0m
[0m2021.04.21 23:36:30 ERROR downloading https://repo1.maven.org/maven2/org/scala-sbt/util-logging_2.12/1.4.9/util-logging_2.12-1.4.9.jar ...[0m
[0m2021.04.21 23:36:30 ERROR 	[SUCCESSFUL ] org.scala-sbt#zinc-lm-integration_2.12;1.4.9!zinc-lm-integration_2.12.jar (892ms)[0m
[0m2021.04.21 23:36:30 ERROR downloading https://repo1.maven.org/maven2/org/scala-lang/modules/scala-xml_2.12/1.3.0/scala-xml_2.12-1.3.0.jar ...[0m
[0m2021.04.21 23:36:30 ERROR 	[SUCCESSFUL ] org.scala-sbt#util-logging_2.12;1.4.9!util-logging_2.12.jar (542ms)[0m
[0m2021.04.21 23:36:30 ERROR downloading https://repo1.maven.org/maven2/org/scala-sbt/launcher-interface/1.1.6/launcher-interface-1.1.6.jar ...[0m
[0m2021.04.21 23:36:30 ERROR 	[SUCCESSFUL ] org.scala-sbt#launcher-interface;1.1.6!launcher-interface.jar (105ms)[0m
[0m2021.04.21 23:36:30 ERROR downloading https://repo1.maven.org/maven2/com/github/ben-manes/caffeine/caffeine/2.8.5/caffeine-2.8.5.jar ...[0m
[0m2021.04.21 23:36:30 ERROR 	[SUCCESSFUL ] org.scala-sbt#command_2.12;1.4.9!command_2.12.jar (2233ms)[0m
[0m2021.04.21 23:36:30 ERROR downloading https://repo1.maven.org/maven2/io/get-coursier/lm-coursier-shaded_2.12/2.0.6/lm-coursier-shaded_2.12-2.0.6.jar ...[0m
[0m2021.04.21 23:36:31 ERROR 	[SUCCESSFUL ] org.scala-sbt#collections_2.12;1.4.9!collections_2.12.jar (2185ms)[0m
[0m2021.04.21 23:36:31 ERROR downloading https://repo1.maven.org/maven2/org/apache/logging/log4j/log4j-api/2.11.2/log4j-api-2.11.2.jar ...[0m
[0m2021.04.21 23:36:31 ERROR 	[SUCCESSFUL ] org.scala-lang.modules#scala-xml_2.12;1.3.0!scala-xml_2.12.jar(bundle) (1220ms)[0m
[0m2021.04.21 23:36:31 ERROR downloading https://repo1.maven.org/maven2/org/apache/logging/log4j/log4j-core/2.11.2/log4j-core-2.11.2.jar ...[0m
[0m2021.04.21 23:36:31 ERROR 	[SUCCESSFUL ] com.github.ben-manes.caffeine#caffeine;2.8.5!caffeine.jar (1370ms)[0m
[0m2021.04.21 23:36:31 ERROR downloading https://repo1.maven.org/maven2/org/apache/logging/log4j/log4j-slf4j-impl/2.11.2/log4j-slf4j-impl-2.11.2.jar ...[0m
[0m2021.04.21 23:36:32 ERROR 	[SUCCESSFUL ] org.apache.logging.log4j#log4j-slf4j-impl;2.11.2!log4j-slf4j-impl.jar (242ms)[0m
[0m2021.04.21 23:36:32 ERROR downloading https://repo1.maven.org/maven2/com/swoval/file-tree-views/2.1.6/file-tree-views-2.1.6.jar ...[0m
[0m2021.04.21 23:36:32 ERROR 	[SUCCESSFUL ] org.scala-sbt#io_2.12;1.4.0!io_2.12.jar (4466ms)[0m
[0m2021.04.21 23:36:32 ERROR downloading https://repo1.maven.org/maven2/org/scala-sbt/librarymanagement-core_2.12/1.4.3/librarymanagement-core_2.12-1.4.3.jar ...[0m
[0m2021.04.21 23:36:32 ERROR 	[SUCCESSFUL ] com.swoval#file-tree-views;2.1.6!file-tree-views.jar (454ms)[0m
[0m2021.04.21 23:36:32 ERROR downloading https://repo1.maven.org/maven2/org/scala-sbt/librarymanagement-ivy_2.12/1.4.3/librarymanagement-ivy_2.12-1.4.3.jar ...[0m
[0m2021.04.21 23:36:33 ERROR 	[SUCCESSFUL ] org.apache.logging.log4j#log4j-api;2.11.2!log4j-api.jar (2199ms)[0m
[0m2021.04.21 23:36:33 ERROR downloading https://repo1.maven.org/maven2/org/scala-sbt/compiler-interface/1.4.4/compiler-interface-1.4.4.jar ...[0m
[0m2021.04.21 23:36:33 ERROR 	[SUCCESSFUL ] org.scala-sbt#main-settings_2.12;1.4.9!main-settings_2.12.jar (5206ms)[0m
[0m2021.04.21 23:36:33 ERROR downloading https://repo1.maven.org/maven2/org/scala-sbt/zinc-compile_2.12/1.4.4/zinc-compile_2.12-1.4.4.jar ...[0m
[0m2021.04.21 23:36:33 ERROR 	[SUCCESSFUL ] org.scala-sbt#zinc-compile_2.12;1.4.4!zinc-compile_2.12.jar (192ms)[0m
[0m2021.04.21 23:36:33 ERROR downloading https://repo1.maven.org/maven2/org/scala-sbt/util-relation_2.12/1.4.9/util-relation_2.12-1.4.9.jar ...[0m
[0m2021.04.21 23:36:33 ERROR 	[SUCCESSFUL ] org.scala-sbt#compiler-interface;1.4.4!compiler-interface.jar (408ms)[0m
[0m2021.04.21 23:36:33 ERROR downloading https://repo1.maven.org/maven2/org/scala-sbt/util-position_2.12/1.4.9/util-position_2.12-1.4.9.jar ...[0m
[0m2021.04.21 23:36:33 ERROR 	[SUCCESSFUL ] org.scala-sbt#util-relation_2.12;1.4.9!util-relation_2.12.jar (200ms)[0m
[0m2021.04.21 23:36:33 ERROR downloading https://repo1.maven.org/maven2/com/eed3si9n/sjson-new-scalajson_2.12/0.9.1/sjson-new-scalajson_2.12-0.9.1.jar ...[0m
[0m2021.04.21 23:36:33 ERROR 	[SUCCESSFUL ] org.scala-sbt#librarymanagement-core_2.12;1.4.3!librarymanagement-core_2.12.jar (1140ms)[0m
[0m2021.04.21 23:36:33 ERROR downloading https://repo1.maven.org/maven2/org/scala-lang/scala-reflect/2.12.12/scala-reflect-2.12.12.jar ...[0m
[0m2021.04.21 23:36:33 ERROR 	[SUCCESSFUL ] org.scala-sbt#util-position_2.12;1.4.9!util-position_2.12.jar (109ms)[0m
[0m2021.04.21 23:36:33 ERROR downloading https://repo1.maven.org/maven2/com/eed3si9n/sjson-new-core_2.12/0.9.1/sjson-new-core_2.12-0.9.1.jar ...[0m
[0m2021.04.21 23:36:33 ERROR 	[SUCCESSFUL ] com.eed3si9n#sjson-new-scalajson_2.12;0.9.1!sjson-new-scalajson_2.12.jar (155ms)[0m
[0m2021.04.21 23:36:33 ERROR downloading https://repo1.maven.org/maven2/com/eed3si9n/shaded-jawn-parser_2.12/0.9.1/shaded-jawn-parser_2.12-0.9.1.jar ...[0m
[0m2021.04.21 23:36:33 ERROR 	[SUCCESSFUL ] org.scala-sbt#librarymanagement-ivy_2.12;1.4.3!librarymanagement-ivy_2.12.jar (1386ms)[0m
[0m2021.04.21 23:36:33 ERROR downloading https://repo1.maven.org/maven2/com/eed3si9n/shaded-scalajson_2.12/1.0.0-M4/shaded-scalajson_2.12-1.0.0-M4.jar ...[0m
[0m2021.04.21 23:36:33 ERROR 	[SUCCESSFUL ] com.eed3si9n#shaded-jawn-parser_2.12;0.9.1!shaded-jawn-parser_2.12.jar (277ms)[0m
[0m2021.04.21 23:36:33 ERROR downloading https://repo1.maven.org/maven2/org/scala-sbt/completion_2.12/1.4.9/completion_2.12-1.4.9.jar ...[0m
[0m2021.04.21 23:36:33 ERROR 	[SUCCESSFUL ] com.eed3si9n#shaded-scalajson_2.12;1.0.0-M4!shaded-scalajson_2.12.jar (218ms)[0m
[0m2021.04.21 23:36:33 ERROR downloading https://repo1.maven.org/maven2/org/scala-sbt/task-system_2.12/1.4.9/task-system_2.12-1.4.9.jar ...[0m
[0m2021.04.21 23:36:34 ERROR 	[SUCCESSFUL ] org.apache.logging.log4j#log4j-core;2.11.2!log4j-core.jar (3066ms)[0m
[0m2021.04.21 23:36:34 ERROR downloading https://repo1.maven.org/maven2/org/scala-sbt/tasks_2.12/1.4.9/tasks_2.12-1.4.9.jar ...[0m
[0m2021.04.21 23:36:34 ERROR 	[SUCCESSFUL ] org.scala-sbt#tasks_2.12;1.4.9!tasks_2.12.jar (188ms)[0m
[0m2021.04.21 23:36:34 ERROR downloading https://repo1.maven.org/maven2/org/scala-sbt/testing_2.12/1.4.9/testing_2.12-1.4.9.jar ...[0m
[0m2021.04.21 23:36:34 ERROR 	[SUCCESSFUL ] org.scala-sbt#completion_2.12;1.4.9!completion_2.12.jar (373ms)[0m
[0m2021.04.21 23:36:34 ERROR downloading https://repo1.maven.org/maven2/org/scala-sbt/util-tracking_2.12/1.4.9/util-tracking_2.12-1.4.9.jar ...[0m
[0m2021.04.21 23:36:34 ERROR 	[SUCCESSFUL ] org.scala-sbt#task-system_2.12;1.4.9!task-system_2.12.jar (352ms)[0m
[0m2021.04.21 23:36:34 ERROR downloading https://repo1.maven.org/maven2/org/jline/jline-terminal/3.19.0/jline-terminal-3.19.0.jar ...[0m
[0m2021.04.21 23:36:34 ERROR 	[SUCCESSFUL ] org.scala-sbt#testing_2.12;1.4.9!testing_2.12.jar (224ms)[0m
[0m2021.04.21 23:36:34 ERROR downloading https://repo1.maven.org/maven2/org/scala-sbt/zinc-classpath_2.12/1.4.4/zinc-classpath_2.12-1.4.4.jar ...[0m
[0m2021.04.21 23:36:34 ERROR 	[SUCCESSFUL ] org.scala-sbt#main_2.12;1.4.9!main_2.12.jar (6592ms)[0m
[0m2021.04.21 23:36:34 ERROR downloading https://repo1.maven.org/maven2/org/scala-sbt/zinc-apiinfo_2.12/1.4.4/zinc-apiinfo_2.12-1.4.4.jar ...[0m
[0m2021.04.21 23:36:34 ERROR 	[SUCCESSFUL ] org.scala-sbt#util-tracking_2.12;1.4.9!util-tracking_2.12.jar (187ms)[0m
[0m2021.04.21 23:36:34 ERROR downloading https://repo1.maven.org/maven2/org/scala-sbt/zinc_2.12/1.4.4/zinc_2.12-1.4.4.jar ...[0m
[0m2021.04.21 23:36:34 ERROR 	[SUCCESSFUL ] org.scala-sbt#zinc-classpath_2.12;1.4.4!zinc-classpath_2.12.jar (156ms)[0m
[0m2021.04.21 23:36:34 ERROR downloading https://repo1.maven.org/maven2/org/scala-sbt/util-control_2.12/1.4.9/util-control_2.12-1.4.9.jar ...[0m
[0m2021.04.21 23:36:34 ERROR 	[SUCCESSFUL ] org.jline#jline-terminal;3.19.0!jline-terminal.jar (271ms)[0m
[0m2021.04.21 23:36:34 ERROR downloading https://repo1.maven.org/maven2/org/scala-sbt/jline/jline/2.14.7-sbt-a1b0ffbb8f64bb820f4f84a0c07a0c0964507493/jline-2.14.7-sbt-a1b0ffbb8f64bb820f4f84a0c07a0c0964507493.jar ...[0m
[0m2021.04.21 23:36:34 ERROR 	[SUCCESSFUL ] org.scala-sbt#util-control_2.12;1.4.9!util-control_2.12.jar (88ms)[0m
[0m2021.04.21 23:36:34 ERROR downloading https://repo1.maven.org/maven2/org/jline/jline-reader/3.19.0/jline-reader-3.19.0.jar ...[0m
[0m2021.04.21 23:36:34 ERROR 	[SUCCESSFUL ] org.scala-sbt#zinc_2.12;1.4.4!zinc_2.12.jar (205ms)[0m
[0m2021.04.21 23:36:34 ERROR downloading https://repo1.maven.org/maven2/org/jline/jline-builtins/3.19.0/jline-builtins-3.19.0.jar ...[0m
[0m2021.04.21 23:36:34 ERROR 	[SUCCESSFUL ] org.scala-sbt#zinc-apiinfo_2.12;1.4.4!zinc-apiinfo_2.12.jar (250ms)[0m
[0m2021.04.21 23:36:34 ERROR downloading https://repo1.maven.org/maven2/org/scala-sbt/util-interface/1.4.9/util-interface-1.4.9.jar ...[0m
[0m2021.04.21 23:36:34 ERROR 	[SUCCESSFUL ] com.eed3si9n#sjson-new-core_2.12;0.9.1!sjson-new-core_2.12.jar (1212ms)[0m
[0m2021.04.21 23:36:34 ERROR downloading https://repo1.maven.org/maven2/org/scala-sbt/core-macros_2.12/1.4.9/core-macros_2.12-1.4.9.jar ...[0m
[0m2021.04.21 23:36:34 ERROR 	[SUCCESSFUL ] org.scala-sbt.jline#jline;2.14.7-sbt-a1b0ffbb8f64bb820f4f84a0c07a0c0964507493!jline.jar (210ms)[0m
[0m2021.04.21 23:36:34 ERROR downloading https://repo1.maven.org/maven2/org/jline/jline-terminal-jna/3.19.0/jline-terminal-jna-3.19.0.jar ...[0m
[0m2021.04.21 23:36:34 ERROR 	[SUCCESSFUL ] org.scala-sbt#util-interface;1.4.9!util-interface.jar (102ms)[0m
[0m2021.04.21 23:36:34 ERROR downloading https://repo1.maven.org/maven2/org/jline/jline-terminal-jansi/3.19.0/jline-terminal-jansi-3.19.0.jar ...[0m
[0m2021.04.21 23:36:34 ERROR 	[SUCCESSFUL ] org.jline#jline-terminal-jna;3.19.0!jline-terminal-jna.jar (117ms)[0m
[0m2021.04.21 23:36:34 ERROR 	[SUCCESSFUL ] org.scala-sbt#core-macros_2.12;1.4.9!core-macros_2.12.jar (195ms)[0m
[0m2021.04.21 23:36:34 ERROR downloading https://repo1.maven.org/maven2/com/lmax/disruptor/3.4.2/disruptor-3.4.2.jar ...[0m
[0m2021.04.21 23:36:34 ERROR downloading https://repo1.maven.org/maven2/org/scala-lang/scala-compiler/2.12.12/scala-compiler-2.12.12.jar ...[0m
[0m2021.04.21 23:36:34 ERROR 	[SUCCESSFUL ] org.jline#jline-terminal-jansi;3.19.0!jline-terminal-jansi.jar (120ms)[0m
[0m2021.04.21 23:36:34 ERROR downloading https://repo1.maven.org/maven2/org/fusesource/jansi/jansi/2.1.0/jansi-2.1.0.jar ...[0m
[0m2021.04.21 23:36:34 ERROR 	[SUCCESSFUL ] org.jline#jline-builtins;3.19.0!jline-builtins.jar (278ms)[0m
[0m2021.04.21 23:36:34 ERROR downloading https://repo1.maven.org/maven2/net/java/dev/jna/jna/5.5.0/jna-5.5.0.jar ...[0m
[0m2021.04.21 23:36:34 ERROR 	[SUCCESSFUL ] org.jline#jline-reader;3.19.0!jline-reader.jar (339ms)[0m
[0m2021.04.21 23:36:34 ERROR downloading https://repo1.maven.org/maven2/net/java/dev/jna/jna-platform/5.5.0/jna-platform-5.5.0.jar ...[0m
[0m2021.04.21 23:36:35 ERROR 	[SUCCESSFUL ] com.lmax#disruptor;3.4.2!disruptor.jar (238ms)[0m
[0m2021.04.21 23:36:35 ERROR downloading https://repo1.maven.org/maven2/org/jline/jline-style/3.19.0/jline-style-3.19.0.jar ...[0m
[0m2021.04.21 23:36:35 ERROR 	[SUCCESSFUL ] org.jline#jline-style;3.19.0!jline-style.jar (333ms)[0m
[0m2021.04.21 23:36:35 ERROR downloading https://repo1.maven.org/maven2/org/scala-sbt/util-cache_2.12/1.4.9/util-cache_2.12-1.4.9.jar ...[0m
[0m2021.04.21 23:36:35 ERROR 	[SUCCESSFUL ] org.fusesource.jansi#jansi;2.1.0!jansi.jar (623ms)[0m
[0m2021.04.21 23:36:35 ERROR downloading https://repo1.maven.org/maven2/com/eed3si9n/sjson-new-murmurhash_2.12/0.9.1/sjson-new-murmurhash_2.12-0.9.1.jar ...[0m
[0m2021.04.21 23:36:35 ERROR 	[SUCCESSFUL ] com.eed3si9n#sjson-new-murmurhash_2.12;0.9.1!sjson-new-murmurhash_2.12.jar (404ms)[0m
[0m2021.04.21 23:36:35 ERROR downloading https://repo1.maven.org/maven2/org/scala-sbt/test-agent/1.4.9/test-agent-1.4.9.jar ...[0m
[0m2021.04.21 23:36:37 ERROR 	[SUCCESSFUL ] org.scala-sbt#test-agent;1.4.9!test-agent.jar (247ms)[0m
[0m2021.04.21 23:36:37 ERROR downloading https://repo1.maven.org/maven2/org/scala-sbt/compiler-bridge_2.12/1.4.4/compiler-bridge_2.12-1.4.4.jar ...[0m
[0m2021.04.21 23:36:37 ERROR 	[SUCCESSFUL ] org.scala-sbt#util-cache_2.12;1.4.9!util-cache_2.12.jar (910ms)[0m
[0m2021.04.21 23:36:37 ERROR downloading https://repo1.maven.org/maven2/org/scala-sbt/zinc-classfile_2.12/1.4.4/zinc-classfile_2.12-1.4.4.jar ...[0m
[0m2021.04.21 23:36:37 ERROR 	[SUCCESSFUL ] org.scala-sbt#compiler-bridge_2.12;1.4.4!compiler-bridge_2.12.jar (470ms)[0m
[0m2021.04.21 23:36:37 ERROR downloading https://repo1.maven.org/maven2/com/jcraft/jsch/0.1.54/jsch-0.1.54.jar ...[0m
[0m2021.04.21 23:36:37 ERROR 	[SUCCESSFUL ] org.scala-sbt#zinc-classfile_2.12;1.4.4!zinc-classfile_2.12.jar (646ms)[0m
[0m2021.04.21 23:36:37 ERROR downloading https://repo1.maven.org/maven2/com/eed3si9n/gigahorse-okhttp_2.12/0.5.0/gigahorse-okhttp_2.12-0.5.0.jar ...[0m
[0m2021.04.21 23:36:38 ERROR 	[SUCCESSFUL ] com.jcraft#jsch;0.1.54!jsch.jar (740ms)[0m
[0m2021.04.21 23:36:38 ERROR downloading https://repo1.maven.org/maven2/com/squareup/okhttp3/okhttp-urlconnection/3.7.0/okhttp-urlconnection-3.7.0.jar ...[0m
[0m2021.04.21 23:36:38 ERROR 	[SUCCESSFUL ] com.eed3si9n#gigahorse-okhttp_2.12;0.5.0!gigahorse-okhttp_2.12.jar (391ms)[0m
[0m2021.04.21 23:36:38 ERROR downloading https://repo1.maven.org/maven2/com/eed3si9n/gigahorse-core_2.12/0.5.0/gigahorse-core_2.12-0.5.0.jar ...[0m
[0m2021.04.21 23:36:38 ERROR 	[SUCCESSFUL ] com.squareup.okhttp3#okhttp-urlconnection;3.7.0!okhttp-urlconnection.jar (216ms)[0m
[0m2021.04.21 23:36:38 ERROR downloading https://repo1.maven.org/maven2/com/squareup/okhttp3/okhttp/3.14.2/okhttp-3.14.2.jar ...[0m
[0m2021.04.21 23:36:38 ERROR 	[SUCCESSFUL ] com.eed3si9n#gigahorse-core_2.12;0.5.0!gigahorse-core_2.12.jar (653ms)[0m
[0m2021.04.21 23:36:38 ERROR downloading https://repo1.maven.org/maven2/com/typesafe/ssl-config-core_2.12/0.4.0/ssl-config-core_2.12-0.4.0.jar ...[0m
[0m2021.04.21 23:36:39 ERROR 	[SUCCESSFUL ] com.squareup.okhttp3#okhttp;3.14.2!okhttp.jar (1190ms)[0m
[0m2021.04.21 23:36:39 ERROR downloading https://repo1.maven.org/maven2/org/reactivestreams/reactive-streams/1.0.2/reactive-streams-1.0.2.jar ...[0m
[0m2021.04.21 23:36:39 ERROR 	[SUCCESSFUL ] org.reactivestreams#reactive-streams;1.0.2!reactive-streams.jar (225ms)[0m
[0m2021.04.21 23:36:39 ERROR downloading https://repo1.maven.org/maven2/org/slf4j/slf4j-api/1.7.26/slf4j-api-1.7.26.jar ...[0m
[0m2021.04.21 23:36:39 ERROR 	[SUCCESSFUL ] com.typesafe#ssl-config-core_2.12;0.4.0!ssl-config-core_2.12.jar(bundle) (1049ms)[0m
[0m2021.04.21 23:36:39 ERROR downloading https://repo1.maven.org/maven2/org/scala-lang/modules/scala-parser-combinators_2.12/1.1.2/scala-parser-combinators_2.12-1.1.2.jar ...[0m
[0m2021.04.21 23:36:39 ERROR 	[SUCCESSFUL ] org.slf4j#slf4j-api;1.7.26!slf4j-api.jar (263ms)[0m
[0m2021.04.21 23:36:39 ERROR downloading https://repo1.maven.org/maven2/com/typesafe/config/1.3.3/config-1.3.3.jar ...[0m
[0m2021.04.21 23:36:39 ERROR 	[SUCCESSFUL ] org.scala-lang#scala-reflect;2.12.12!scala-reflect.jar (6015ms)[0m
[0m2021.04.21 23:36:39 ERROR downloading https://repo1.maven.org/maven2/com/squareup/okio/okio/1.17.2/okio-1.17.2.jar ...[0m
[0m2021.04.21 23:36:39 ERROR 	[SUCCESSFUL ] org.scala-lang.modules#scala-parser-combinators_2.12;1.1.2!scala-parser-combinators_2.12.jar(bundle) (605ms)[0m
[0m2021.04.21 23:36:39 ERROR downloading https://repo1.maven.org/maven2/org/scala-sbt/zinc-core_2.12/1.4.4/zinc-core_2.12-1.4.4.jar ...[0m
[0m2021.04.21 23:36:39 ERROR 	[SUCCESSFUL ] com.squareup.okio#okio;1.17.2!okio.jar (294ms)[0m
[0m2021.04.21 23:36:39 ERROR downloading https://repo1.maven.org/maven2/org/scala-sbt/zinc-persist_2.12/1.4.4/zinc-persist_2.12-1.4.4.jar ...[0m
[0m2021.04.21 23:36:41 ERROR 	[SUCCESSFUL ] com.typesafe#config;1.3.3!config.jar(bundle) (1046ms)[0m
[0m2021.04.21 23:36:41 ERROR downloading https://repo1.maven.org/maven2/org/scala-sbt/zinc-compile-core_2.12/1.4.4/zinc-compile-core_2.12-1.4.4.jar ...[0m
[0m2021.04.21 23:36:41 ERROR 	[SUCCESSFUL ] net.java.dev.jna#jna;5.5.0!jna.jar (5442ms)[0m
[0m2021.04.21 23:36:41 ERROR downloading https://repo1.maven.org/maven2/org/scala-sbt/zinc-persist-core-assembly/1.4.4/zinc-persist-core-assembly-1.4.4.jar ...[0m
[0m2021.04.21 23:36:41 ERROR 	[SUCCESSFUL ] org.scala-sbt#zinc-persist_2.12;1.4.4!zinc-persist_2.12.jar (724ms)[0m
[0m2021.04.21 23:36:41 ERROR downloading https://repo1.maven.org/maven2/net/openhft/zero-allocation-hashing/0.10.1/zero-allocation-hashing-0.10.1.jar ...[0m
[0m2021.04.21 23:36:41 ERROR 	[SUCCESSFUL ] net.openhft#zero-allocation-hashing;0.10.1!zero-allocation-hashing.jar(bundle) (263ms)[0m
[0m2021.04.21 23:36:41 ERROR downloading https://repo1.maven.org/maven2/org/scala-sbt/sbinary_2.12/0.5.1/sbinary_2.12-0.5.1.jar ...[0m
[0m2021.04.21 23:36:41 ERROR 	[SUCCESSFUL ] org.scala-sbt#zinc-core_2.12;1.4.4!zinc-core_2.12.jar (1156ms)[0m
[0m2021.04.21 23:36:41 ERROR downloading https://repo1.maven.org/maven2/org/scala-sbt/protocol_2.12/1.4.9/protocol_2.12-1.4.9.jar ...[0m
[0m2021.04.21 23:36:41 ERROR 	[SUCCESSFUL ] org.scala-sbt#sbinary_2.12;0.5.1!sbinary_2.12.jar (457ms)[0m
[0m2021.04.21 23:36:41 ERROR downloading https://repo1.maven.org/maven2/org/scala-sbt/ipcsocket/ipcsocket/1.3.0/ipcsocket-1.3.0.jar ...[0m
[0m2021.04.21 23:36:42 ERROR 	[SUCCESSFUL ] org.scala-sbt#zinc-compile-core_2.12;1.4.4!zinc-compile-core_2.12.jar (1129ms)[0m
[0m2021.04.21 23:36:42 ERROR downloading https://repo1.maven.org/maven2/org/checkerframework/checker-qual/3.4.1/checker-qual-3.4.1.jar ...[0m
[0m2021.04.21 23:36:42 ERROR 	[SUCCESSFUL ] org.scala-sbt.ipcsocket#ipcsocket;1.3.0!ipcsocket.jar (488ms)[0m
[0m2021.04.21 23:36:42 ERROR downloading https://repo1.maven.org/maven2/com/google/errorprone/error_prone_annotations/2.4.0/error_prone_annotations-2.4.0.jar ...[0m
[0m2021.04.21 23:36:42 ERROR 	[SUCCESSFUL ] com.google.errorprone#error_prone_annotations;2.4.0!error_prone_annotations.jar (168ms)[0m
[0m2021.04.21 23:36:42 ERROR downloading https://repo1.maven.org/maven2/org/scala-lang/modules/scala-collection-compat_2.12/2.3.2/scala-collection-compat_2.12-2.3.2.jar ...[0m
[0m2021.04.21 23:36:42 ERROR 	[SUCCESSFUL ] org.checkerframework#checker-qual;3.4.1!checker-qual.jar (639ms)[0m
[0m2021.04.21 23:36:42 ERROR downloading https://repo1.maven.org/maven2/org/scala-sbt/ivy/ivy/2.3.0-sbt-fbc4f586aeeb1591710b14eb4f41b94880dcd745/ivy-2.3.0-sbt-fbc4f586aeeb1591710b14eb4f41b94880dcd745.jar ...[0m
[0m2021.04.21 23:36:42 ERROR 	[SUCCESSFUL ] net.java.dev.jna#jna-platform;5.5.0!jna-platform.jar (7217ms)[0m
[0m2021.04.21 23:36:43 ERROR 	[SUCCESSFUL ] org.scala-lang#scala-library;2.12.12!scala-library.jar (14644ms)[0m
[0m2021.04.21 23:36:43 ERROR 	[SUCCESSFUL ] org.scala-lang.modules#scala-collection-compat_2.12;2.3.2!scala-collection-compat_2.12.jar (664ms)[0m
[0m2021.04.21 23:36:43 ERROR 	[SUCCESSFUL ] org.scala-sbt#protocol_2.12;1.4.9!protocol_2.12.jar (1945ms)[0m
[0m2021.04.21 23:36:44 ERROR 	[SUCCESSFUL ] org.scala-sbt.ivy#ivy;2.3.0-sbt-fbc4f586aeeb1591710b14eb4f41b94880dcd745!ivy.jar (1774ms)[0m
[0m2021.04.21 23:36:44 ERROR 	[SUCCESSFUL ] org.scala-sbt#zinc-persist-core-assembly;1.4.4!zinc-persist-core-assembly.jar (4516ms)[0m
[0m2021.04.21 23:36:45 ERROR 	[SUCCESSFUL ] io.get-coursier#lm-coursier-shaded_2.12;2.0.6!lm-coursier-shaded_2.12.jar (14680ms)[0m
[0m2021.04.21 23:36:49 ERROR 	[SUCCESSFUL ] org.scala-lang#scala-compiler;2.12.12!scala-compiler.jar (13900ms)[0m
[0m2021.04.21 23:36:49 ERROR :: retrieving :: org.scala-sbt#boot-app[0m
[0m2021.04.21 23:36:49 ERROR 	confs: [default][0m
[0m2021.04.21 23:36:49 ERROR 	83 artifacts copied, 0 already retrieved[0m
[0m2021.04.21 23:36:51 INFO  [info] Updated file /Users/nsadeh/Desktop/factor-miner/project/build.properties: set sbt.version to 1.4.9[0m
[0m2021.04.21 23:36:51 INFO  [info] welcome to sbt 1.4.9 (Azul Systems, Inc. Java 11.0.10)[0m
[0m2021.04.21 23:36:55 INFO  [info] loading settings for project factor-miner-build-build from metals.sbt ...[0m
[0m2021.04.21 23:36:57 INFO  [info] loading project definition from /Users/nsadeh/Desktop/factor-miner/project/project[0m
[0m2021.04.21 23:37:01 INFO  [info] loading settings for project factor-miner-build from metals.sbt ...[0m
[0m2021.04.21 23:37:01 INFO  [info] loading project definition from /Users/nsadeh/Desktop/factor-miner/project[0m
[0m2021.04.21 23:37:09 INFO  [success] Generated .bloop/factor-miner-build.json[0m
[0m2021.04.21 23:37:09 INFO  [info] compiling 1 Scala source to /Users/nsadeh/Desktop/factor-miner/project/target/scala-2.12/sbt-1.0/classes ...[0m
[0m2021.04.21 23:37:12 INFO  [info] done compiling[0m
[0m2021.04.21 23:37:12 INFO  [success] Total time: 11 s, completed Apr 21, 2021, 11:37:12 PM[0m
[0m2021.04.21 23:37:12 INFO  [info] loading settings for project factor-miner from build.sbt ...[0m
[0m2021.04.21 23:37:13 INFO  [info] set current project to factor-miner (in build file:/Users/nsadeh/Desktop/factor-miner/)[0m
[0m2021.04.21 23:37:14 INFO  [success] Generated .bloop/factor-miner.json[0m
[0m2021.04.21 23:37:14 INFO  [success] Generated .bloop/factor-miner-test.json[0m
[0m2021.04.21 23:37:14 INFO  [success] Total time: 1 s, completed Apr 21, 2021, 11:37:15 PM[0m
[0m2021.04.21 23:37:14 INFO  sbt bloopInstall exit: 0[0m
[0m2021.04.21 23:37:15 INFO  time: ran 'sbt bloopInstall' in 1m14s[0m
[0m2021.04.21 23:37:15 INFO  Attempting to connect to the build server...[0m
Starting the bsp launcher for bloop...
Opening a bsp server connection with 'bsp --protocol local --socket /var/folders/cz/bh5dm65s0_lf7_0pb1v27v200000gn/T/bsp-launcher12142743307323656557/bsp.socket'...
Waiting for the bsp connection to come up...
[0m[32m[D][0m Loading 2 projects from '/Users/nsadeh/Desktop/factor-miner/.bloop'...
[0m[32m[D][0m Loading project from '/Users/nsadeh/Desktop/factor-miner/.bloop/factor-miner-test.json'
[0m[32m[D][0m Loading project from '/Users/nsadeh/Desktop/factor-miner/.bloop/factor-miner.json'
[0m[32m[D][0m Missing analysis file for project 'factor-miner-test'
[0m[32m[D][0m Missing analysis file for project 'factor-miner'
[0m[32m[D][0m Waiting for a connection at local:///var/folders/cz/bh5dm65s0_lf7_0pb1v27v200000gn/T/bsp-launcher12142743307323656557/bsp.socket...
The server is listening for incoming connections at local:///var/folders/cz/bh5dm65s0_lf7_0pb1v27v200000gn/T/bsp-launcher12142743307323656557/bsp.socket...
Starting thread that pumps stdin and redirects it to the bsp server...
Starting thread that pumps server stdout and redirects it to the client stdout...
[0m2021.04.21 23:37:15 INFO  tracing is disabled for protocol BSP, to enable tracing of incoming and outgoing JSON messages create an empty file at /Users/nsadeh/Library/Caches/org.scalameta.metals/bsp.trace.json[0m
[0m2021.04.21 23:37:15 INFO  Attempting to connect to the build server...[0m
Starting the bsp launcher for bloop...
Opening a bsp server connection with 'bsp --protocol local --socket /var/folders/cz/bh5dm65s0_lf7_0pb1v27v200000gn/T/bsp-launcher8456688429989215996/bsp.socket'...
Waiting for the bsp connection to come up...
[0m[32m[D][0m Loading workspace settings from bloop.settings.json
[0m[32m[D][0m Waiting for a connection at local:///var/folders/cz/bh5dm65s0_lf7_0pb1v27v200000gn/T/bsp-launcher8456688429989215996/bsp.socket...
The server is listening for incoming connections at local:///var/folders/cz/bh5dm65s0_lf7_0pb1v27v200000gn/T/bsp-launcher8456688429989215996/bsp.socket...
Starting thread that pumps stdin and redirects it to the bsp server...
Starting thread that pumps server stdout and redirects it to the client stdout...
[0m2021.04.21 23:37:15 INFO  tracing is disabled for protocol BSP, to enable tracing of incoming and outgoing JSON messages create an empty file at /Users/nsadeh/Library/Caches/org.scalameta.metals/bsp.trace.json[0m
[0m2021.04.21 23:37:15 INFO  time: Connected to build server in 0.64s[0m
[0m2021.04.21 23:37:15 INFO  Connected to Build server: Bloop v1.4.8[0m
[0m2021.04.21 23:37:15 INFO  time: Imported build in 0.14s[0m
[0m2021.04.21 23:37:22 INFO  time: indexed workspace in 7.04s[0m
[0m2021.04.21 23:37:23 INFO  compiling factor-miner-build (1 scala source)[0m
[0m2021.04.21 23:37:23 INFO  Non-compiled module 'compiler-bridge_2.12' for Scala 2.12.12. Compiling...[0m
[0m2021.04.21 23:37:25 WARN  no build target for: /Users/nsadeh/Desktop/factor-miner/Depenedencies.scala[0m
[0m2021.04.21 23:37:32 INFO  no build target: using presentation compiler with only scala-library: 2.12.12[0m
Apr 21, 2021 11:37:32 PM org.eclipse.lsp4j.jsonrpc.RemoteEndpoint fallbackResponseError
SEVERE: Internal error: java.nio.file.NoSuchFileException: /Users/nsadeh/Desktop/factor-miner/Depenedencies.scala
java.util.concurrent.CompletionException: java.nio.file.NoSuchFileException: /Users/nsadeh/Desktop/factor-miner/Depenedencies.scala
	at java.base/java.util.concurrent.CompletableFuture.encodeThrowable(CompletableFuture.java:331)
	at java.base/java.util.concurrent.CompletableFuture.completeThrowable(CompletableFuture.java:346)
	at java.base/java.util.concurrent.CompletableFuture$UniAccept.tryFire(CompletableFuture.java:704)
	at java.base/java.util.concurrent.CompletableFuture.postComplete(CompletableFuture.java:506)
	at java.base/java.util.concurrent.CompletableFuture.completeExceptionally(CompletableFuture.java:2088)
	at scala.meta.internal.metals.CancelTokens$.$anonfun$future$1(CancelTokens.scala:40)
	at scala.meta.internal.metals.CancelTokens$.$anonfun$future$1$adapted(CancelTokens.scala:38)
	at scala.concurrent.impl.CallbackRunnable.run(Promise.scala:64)
	at java.base/java.util.concurrent.ThreadPoolExecutor.runWorker(ThreadPoolExecutor.java:1128)
	at java.base/java.util.concurrent.ThreadPoolExecutor$Worker.run(ThreadPoolExecutor.java:628)
	at java.base/java.lang.Thread.run(Thread.java:834)
Caused by: java.nio.file.NoSuchFileException: /Users/nsadeh/Desktop/factor-miner/Depenedencies.scala
	at java.base/sun.nio.fs.UnixException.translateToIOException(UnixException.java:92)
	at java.base/sun.nio.fs.UnixException.rethrowAsIOException(UnixException.java:111)
	at java.base/sun.nio.fs.UnixException.rethrowAsIOException(UnixException.java:116)
	at java.base/sun.nio.fs.UnixFileSystemProvider.newByteChannel(UnixFileSystemProvider.java:219)
	at java.base/java.nio.file.Files.newByteChannel(Files.java:371)
	at java.base/java.nio.file.Files.newByteChannel(Files.java:422)
	at java.base/java.nio.file.Files.readAllBytes(Files.java:3206)
	at scala.meta.internal.io.PlatformFileIO$.slurp(PlatformFileIO.scala:45)
	at scala.meta.internal.io.FileIO$.slurp(FileIO.scala:24)
	at scala.meta.internal.mtags.CommonMtagsEnrichments$XtensionAbsolutePath.toInput(CommonMtagsEnrichments.scala:435)
	at scala.meta.internal.metals.MetalsEnrichments$XtensionAbsolutePathBuffers.toInputFromBuffers(MetalsEnrichments.scala:321)
	at scala.meta.internal.metals.Compilers.originInput$1(Compilers.scala:192)
	at scala.meta.internal.metals.Compilers.$anonfun$didChange$2(Compilers.scala:205)
	at scala.Option.getOrElse(Option.scala:189)
	at scala.meta.internal.metals.Compilers.didChange(Compilers.scala:204)
	at scala.meta.internal.metals.MetalsLanguageServer.$anonfun$parseTreesAndPublishDiags$1(MetalsLanguageServer.scala:270)
	at scala.concurrent.Future$.$anonfun$traverse$1(Future.scala:850)
	at scala.collection.LinearSeqOptimized.foldLeft(LinearSeqOptimized.scala:126)
	at scala.collection.LinearSeqOptimized.foldLeft$(LinearSeqOptimized.scala:122)
	at scala.collection.immutable.List.foldLeft(List.scala:91)
	at scala.concurrent.Future$.traverse(Future.scala:850)
	at scala.meta.internal.metals.MetalsLanguageServer.parseTreesAndPublishDiags(MetalsLanguageServer.scala:267)
	at scala.meta.internal.metals.MetalsLanguageServer.$anonfun$parseTrees$2(MetalsLanguageServer.scala:189)
	at scala.concurrent.Future.$anonfun$flatMap$1(Future.scala:307)
	at scala.concurrent.impl.Promise.$anonfun$transformWith$1(Promise.scala:41)
	... 4 more

Apr 21, 2021 11:37:32 PM org.eclipse.lsp4j.jsonrpc.RemoteEndpoint handleCancellation
WARNING: Unmatched cancel notification for request id 65
[0m2021.04.21 23:37:33 INFO  Deduplicating compilation of factor-miner-build from bsp client 'Metals 0.10.1' (since 17.502s)[0m
[0m2021.04.21 23:37:33 INFO  compiling factor-miner-build (1 scala source)[0m
[0m2021.04.21 23:37:33 ERROR text document: file:///Users/nsadeh/Desktop/factor-miner/Depenedencies.scala
java.nio.file.NoSuchFileException: /Users/nsadeh/Desktop/factor-miner/Depenedencies.scala
	at sun.nio.fs.UnixException.translateToIOException(UnixException.java:92)
	at sun.nio.fs.UnixException.rethrowAsIOException(UnixException.java:111)
	at sun.nio.fs.UnixException.rethrowAsIOException(UnixException.java:116)
	at sun.nio.fs.UnixFileSystemProvider.newByteChannel(UnixFileSystemProvider.java:219)
	at java.nio.file.Files.newByteChannel(Files.java:371)
	at java.nio.file.Files.newByteChannel(Files.java:422)
	at java.nio.file.Files.readAllBytes(Files.java:3206)
	at scala.meta.internal.io.PlatformFileIO$.slurp(PlatformFileIO.scala:45)
	at scala.meta.internal.io.FileIO$.slurp(FileIO.scala:24)
	at scala.meta.internal.metals.InteractiveSemanticdbs.$anonfun$textDocument$1(InteractiveSemanticdbs.scala:77)
	at java.util.HashMap.compute(HashMap.java:1228)
	at java.util.Collections$SynchronizedMap.compute(Collections.java:2692)
	at scala.meta.internal.metals.InteractiveSemanticdbs.textDocument(InteractiveSemanticdbs.scala:76)
	at scala.meta.internal.metals.AggregateSemanticdbs.loop$1(AggregateSemanticdbs.scala:30)
	at scala.meta.internal.metals.AggregateSemanticdbs.textDocument(AggregateSemanticdbs.scala:36)
	at scala.meta.internal.metals.CodeLensProvider.findLenses(CodeLensProvider.scala:22)
	at scala.meta.internal.metals.MetalsLanguageServer.$anonfun$codeLens$2(MetalsLanguageServer.scala:1474)
	at scala.meta.internal.metals.TimerProvider.timedThunk(TimerProvider.scala:25)
	at scala.meta.internal.metals.MetalsLanguageServer.$anonfun$codeLens$1(MetalsLanguageServer.scala:1472)
	at scala.meta.internal.metals.CancelTokens$.$anonfun$apply$2(CancelTokens.scala:26)
	at scala.concurrent.Future$.$anonfun$apply$1(Future.scala:659)
	at scala.util.Success.$anonfun$map$1(Try.scala:255)
	at scala.util.Success.map(Try.scala:213)
	at scala.concurrent.Future.$anonfun$map$1(Future.scala:292)
	at scala.concurrent.impl.Promise.liftedTree1$1(Promise.scala:33)
	at scala.concurrent.impl.Promise.$anonfun$transform$1(Promise.scala:33)
	at scala.concurrent.impl.CallbackRunnable.run(Promise.scala:64)
	at java.util.concurrent.ThreadPoolExecutor.runWorker(ThreadPoolExecutor.java:1128)
	at java.util.concurrent.ThreadPoolExecutor$Worker.run(ThreadPoolExecutor.java:628)
	at java.lang.Thread.run(Thread.java:834)
[0m
[0m2021.04.21 23:37:33 INFO  time: code lens generation in 8.14s[0m
[0m2021.04.21 23:37:42 INFO  skipping build import with status 'Installed'[0m
[0m2021.04.21 23:37:42 INFO  Deduplicating compilation of factor-miner-build from bsp client 'Metals 0.10.1' (since 26.924s)[0m
[0m2021.04.21 23:37:42 INFO  compiling factor-miner-build (1 scala source)[0m
[0m2021.04.21 23:37:46 INFO    Compilation completed in 22.255s.[0m
[0m2021.04.21 23:37:48 INFO  time: compiled factor-miner-build in 5.67s[0m
